<?xml version="1.0" encoding="UTF-8"?>
<testng-results ignored="0" total="2" passed="2" failed="0" skipped="0">
  <reporter-output>
  </reporter-output>
  <suite started-at="2020-04-05T15:16:46 CEST" name="Default suite" finished-at="2020-04-05T15:17:04 CEST" duration-ms="18544">
    <groups>
    </groups>
    <test started-at="2020-04-05T15:16:46 CEST" name="Default test" finished-at="2020-04-05T15:17:04 CEST" duration-ms="18544">
      <class name="mercuryTours.test.RegistrationTest">
        <test-method is-config="true" signature="openBrowser()[pri:0, instance:mercuryTours.test.RegistrationTest@78dd667e]" started-at="2020-04-05T15:16:46 CEST" name="openBrowser" finished-at="2020-04-05T15:16:57 CEST" duration-ms="10815" status="PASS">
          <reporter-output>
          </reporter-output>
        </test-method> <!-- openBrowser -->
        <test-method signature="testRegForm()[pri:0, instance:mercuryTours.test.RegistrationTest@78dd667e]" started-at="2020-04-05T15:16:57 CEST" name="testRegForm" finished-at="2020-04-05T15:17:01 CEST" duration-ms="4289" status="PASS">
          <reporter-output>
          </reporter-output>
        </test-method> <!-- testRegForm -->
        <test-method signature="testRegLink()[pri:0, instance:mercuryTours.test.RegistrationTest@78dd667e]" started-at="2020-04-05T15:17:01 CEST" name="testRegLink" finished-at="2020-04-05T15:17:03 CEST" duration-ms="2180" status="PASS">
          <reporter-output>
          </reporter-output>
        </test-method> <!-- testRegLink -->
        <test-method is-config="true" signature="closeBrowser()[pri:0, instance:mercuryTours.test.RegistrationTest@78dd667e]" started-at="2020-04-05T15:17:03 CEST" name="closeBrowser" finished-at="2020-04-05T15:17:04 CEST" duration-ms="1212" status="PASS">
          <reporter-output>
          </reporter-output>
        </test-method> <!-- closeBrowser -->
      </class> <!-- mercuryTours.test.RegistrationTest -->
    </test> <!-- Default test -->
  </suite> <!-- Default suite -->
</testng-results>
